<?xml version="1.0" encoding="UTF-8"?>
<testsuite name="com.coveros.hello_world_tests.EvenNumberGeneratorTest" tests="1" skipped="0" failures="0" errors="0" timestamp="2016-06-04T04:24:11" hostname="Wilsons-MacBook-Pro.local" time="0.002">
  <properties/>
  <testcase name="testRandomEvenNumberGenerator" classname="com.coveros.hello_world_tests.EvenNumberGeneratorTest" time="0.002"/>
  <system-out><![CDATA[]]></system-out>
  <system-err><![CDATA[]]></system-err>
</testsuite>
